<?xml version="1.0" encoding="UTF-8"?>
<!-- Generated by org.testng.reporters.JUnitReportReporter -->
<testsuite hostname="DESKTOP-8IQA0EJ" failures="0" tests="1" name="conduitAppTest.ArticleTests1" time="5.859" errors="0" timestamp="2022-01-27T20:39:29 IST" skipped="0">
  <testcase classname="conduitAppTest.ArticleTests1" name="verifyAddEditDeleteArticleWhenPayloadIsPojo" time="5.859"/>
  <system-out/>
</testsuite> <!-- conduitAppTest.ArticleTests1 -->
