<?xml version="1.0" encoding="UTF-8"?>
<!-- Generated by org.testng.reporters.JUnitReportReporter -->
<testsuite hostname="DESKTOP-8IQA0EJ" failures="0" tests="1" name="conduitAppTest.ArticleTests" time="2.012" errors="0" timestamp="2022-01-27T18:09:19 IST" skipped="0">
  <testcase classname="conduitAppTest.ArticleTests" name="verifyGetArticle" time="2.012"/>
  <system-out/>
</testsuite> <!-- conduitAppTest.ArticleTests -->
